<?xml version="1.0" encoding="UTF-8"?>
<testsuite name="com.ketabs.model.valueobject.PasswordTest" tests="7" skipped="0" failures="0" errors="0" timestamp="2022-03-30T18:20:12" hostname="Damianos-MBP.homenet.telecomitalia.it" time="0.882">
  <properties/>
  <testcase name="when the first password is `a!1)saoYidn*/#(0nd*)` and the second one is `a!1)saoYidn*/#(0nd*)` then I expect isEqual to return `true`" classname="com.ketabs.model.valueobject.PasswordTest" time="0.195"/>
  <testcase name="when the first password is `SecretPassword2&amp;` and the second one is `SecretPassword2&amp;` then I expect isEqual to return `true`" classname="com.ketabs.model.valueobject.PasswordTest" time="0.172"/>
  <testcase name="when the first password is `a!1)saoYidn*/#(0nd*)` and the second one is `SecretPassword2&amp;` then I expect isEqual to return `false`" classname="com.ketabs.model.valueobject.PasswordTest" time="0.177"/>
  <testcase name="when I create a password as `a!1)saoYidn*/#(0nd*)` then it must be equal to itself as string" classname="com.ketabs.model.valueobject.PasswordTest" time="0.077"/>
  <testcase name="when I create a password as `SecretPassword2&amp;` then it must be equal to itself as string" classname="com.ketabs.model.valueobject.PasswordTest" time="0.068"/>
  <testcase name="when I try creating a password as `short` then I expect an error `Password must be more than 7 chars`" classname="com.ketabs.model.valueobject.PasswordTest" time="0.18"/>
  <testcase name="when I try creating a password as `aaaaaaaaaaaaaaa` then I expect an error `Password must contains at least one number, one alphabetical uppercase char, and one special char`" classname="com.ketabs.model.valueobject.PasswordTest" time="0.001"/>
  <system-out><![CDATA[]]></system-out>
  <system-err><![CDATA[]]></system-err>
</testsuite>
